<?xml version="1.0" encoding="UTF-8"?>
<!-- Generated by org.testng.reporters.JUnitXMLReporter -->
<testsuite hostname="DESKTOP-PEVVTSQ" name="Test(failed)" tests="1" failures="1" timestamp="15 Apr 2021 17:04:02 GMT" time="51.867" errors="0">
  <testcase name="Login" time="20.665" classname="com.sai.Testcases.LoginTestcase">
    <failure type="java.lang.AssertionError" message="expected [true] but found [false]">
      <![CDATA[java.lang.AssertionError: expected [true] but found [false]
	at com.sai.Testcases.LoginTestcase.Login(LoginTestcase.java:33)
... Removed 28 stack frames]]>
    </failure>
  </testcase> <!-- Login -->
</testsuite> <!-- Test(failed) -->
