<?xml version="1.0" encoding="UTF-8"?>
<testng-results skipped="0" failed="0" ignored="0" total="1" passed="1">
  <reporter-output>
  </reporter-output>
  <suite name="Suite" duration-ms="55190" started-at="2021-04-17T16:21:14Z" finished-at="2021-04-17T16:22:10Z">
    <groups>
    </groups>
    <test name="Test" duration-ms="55190" started-at="2021-04-17T16:21:14Z" finished-at="2021-04-17T16:22:10Z">
      <class name="com.sai.Testcases.LoginTestcase">
        <test-method status="PASS" signature="setup()[pri:0, instance:com.sai.Testcases.LoginTestcase@1550481]" name="setup" is-config="true" duration-ms="29377" started-at="2021-04-17T16:21:16Z" finished-at="2021-04-17T16:21:45Z">
          <reporter-output>
          </reporter-output>
        </test-method> <!-- setup -->
        <test-method status="PASS" signature="Login()[pri:0, instance:com.sai.Testcases.LoginTestcase@1550481]" name="Login" duration-ms="19521" started-at="2021-04-17T16:21:45Z" finished-at="2021-04-17T16:22:05Z">
          <reporter-output>
          </reporter-output>
        </test-method> <!-- Login -->
        <test-method status="PASS" signature="teardown()[pri:0, instance:com.sai.Testcases.LoginTestcase@1550481]" name="teardown" is-config="true" duration-ms="4559" started-at="2021-04-17T16:22:05Z" finished-at="2021-04-17T16:22:10Z">
          <reporter-output>
          </reporter-output>
        </test-method> <!-- teardown -->
      </class> <!-- com.sai.Testcases.LoginTestcase -->
    </test> <!-- Test -->
  </suite> <!-- Suite -->
</testng-results>
